Using pre-set license
Built from '2020.2/staging' branch; Version is '2020.2.0b5 (e2067236bd5c) revision 14812786'; Using compiler version '192528614'; Build Type 'Release'
OS: 'Windows 10  (10.0.0) 64bit' Language: 'ja' Physical Memory: 3928 MB
BatchMode: 1, IsHumanControllingUs: 0, StartBugReporterOnCrash: 0, Is64bit: 1, IsPro: 0

 COMMAND LINE ARGUMENTS:
C:\Program Files\Unity\Hub\Editor\2020.2.0b5\Editor\Unity.exe
-adb2
-batchMode
-noUpm
-name
AssetImportWorker9
-projectPath
C:/Users/abarabone/Desktop/vsgithub/新しいフォルダー
-logFile
Logs/AssetImportWorker9.log
-srvPort
60547
Successfully changed project path to: C:/Users/abarabone/Desktop/vsgithub/新しいフォルダー
C:/Users/abarabone/Desktop/vsgithub/新しいフォルダー
Using Asset Import Pipeline V2.
