Using pre-set license
Built from '2020.2/staging' branch; Version is '2020.2.0b5 (e2067236bd5c) revision 14812786'; Using compiler version '192528614'; Build Type 'Release'
OS: 'Windows 10  (10.0.0) 64bit' Language: 'ja' Physical Memory: 3928 MB
BatchMode: 1, IsHumanControllingUs: 0, StartBugReporterOnCrash: 0, Is64bit: 1, IsPro: 0

 COMMAND LINE ARGUMENTS:
C:\Program Files\Unity\Hub\Editor\2020.2.0b5\Editor\Unity.exe
-adb2
-batchMode
-noUpm
-name
AssetImportWorker3
-projectPath
C:/Users/abarabone/Desktop/vsgithub/abarabone/ecs_motion
-logFile
Logs/AssetImportWorker3.log
-srvPort
50173
Successfully changed project path to: C:/Users/abarabone/Desktop/vsgithub/abarabone/ecs_motion
C:/Users/abarabone/Desktop/vsgithub/abarabone/ecs_motion
Using Asset Import Pipeline V2.
Refreshing native plugins compatible for Editor in 371.14 ms, found 1 plugins.
Preloading 0 native plugins for Editor in 0.00 ms.
Initialize engine version: 2020.2.0b5 (e2067236bd5c)
[Subsystems] Discovering subsystems at path C:/Program Files/Unity/Hub/Editor/2020.2.0b5/Editor/Data/Resources/UnitySubsystems
[Subsystems] Discovering subsystems at path C:/Users/abarabone/Desktop/vsgithub/abarabone/ecs_motion/Assets
GfxDevice: creating device client; threaded=0
Direct3D:
    Version:  Direct3D 11.0 [level 11.1]
    Renderer: Intel(R) HD Graphics 500 (ID=0x5a85)
    Vendor:   
    VRAM:     1964 MB
    Driver:   27.20.100.7989
Initialize mono
Mono path[0] = 'C:/Program Files/Unity/Hub/Editor/2020.2.0b5/Editor/Data/Managed'
Mono path[1] = 'C:/Program Files/Unity/Hub/Editor/2020.2.0b5/Editor/Data/MonoBleedingEdge/lib/mono/unityjit'
Mono config path = 'C:/Program Files/Unity/Hub/Editor/2020.2.0b5/Editor/Data/MonoBleedingEdge/etc'
Using monoOptions --debugger-agent=transport=dt_socket,embedding=1,server=y,suspend=n,address=127.0.0.1:56300
Begin MonoManager ReloadAssembly
Registering precompiled unity dll's ...
Register platform support module: C:/Program Files/Unity/Hub/Editor/2020.2.0b5/Editor/Data/PlaybackEngines/WindowsStandaloneSupport/UnityEditor.WindowsStandalone.Extensions.dll
Registered in 0.005193 seconds.
Native extension for WindowsStandalone target not found
Refreshing native plugins compatible for Editor in 205.31 ms, found 1 plugins.
Preloading 0 native plugins for Editor in 0.00 ms.
Invoked RoslynAnalysisRunner static constructor.
RoslynAnalysisRunner will not be running.
RoslynAnalysisRunner has terminated.
Mono: successfully reloaded assembly
- Completed reload, in  7.043 seconds
Platform modules already initialized, skipping
Registering precompiled user dll's ...
Registered in 0.030350 seconds.
Begin MonoManager ReloadAssembly
Symbol file LoadedFromMemory doesn't match image C:\Users\abarabone\Desktop\vsgithub\abarabone\ecs_motion\Library\PackageCache\com.unity.ext.nunit@1.0.0\net35\unity-custom\nunit.framework.dll
Native extension for WindowsStandalone target not found
Refreshing native plugins compatible for Editor in 272.46 ms, found 1 plugins.
Preloading 0 native plugins for Editor in 0.00 ms.
Invoked RoslynAnalysisRunner static constructor.
RoslynAnalysisRunner will not be running.
RoslynAnalysisRunner has terminated.
Mono: successfully reloaded assembly
- Completed reload, in  8.810 seconds
Platform modules already initialized, skipping
========================================================================
Worker process is ready to serve import requests
Launched and connected shader compiler UnityShaderCompiler.exe after 0.20 seconds
Refreshing native plugins compatible for Editor in 1.94 ms, found 1 plugins.
Preloading 0 native plugins for Editor in 0.00 ms.
Unloading 3499 Unused Serialized files (Serialized files now loaded: 0)
System memory in use before: 152.3 MB.
System memory in use after: 152.5 MB.

Unloading 29 unused Assets to reduce memory usage. Loaded Objects now: 3939.
Total: 17.491900 ms (FindLiveObjects: 2.112300 ms CreateObjectMapping: 1.015400 ms MarkObjects: 13.499800 ms  DeleteObjects: 0.858300 ms)

========================================================================
Received Import Request.
  path: Assets/MyProject/MarchingCubes/CubeUnit.cs
  artifactKey: Guid(896f5494a298d1645b97c4b68153cee7) Importer(815301076,1909f56bfc062723c751e8b465ee728b)
Start importing Assets/MyProject/MarchingCubes/CubeUnit.cs using Guid(896f5494a298d1645b97c4b68153cee7) Importer(815301076,1909f56bfc062723c751e8b465ee728b)  -> (artifact id: 'a042b8427e94aec61372859f72742d44') in 0.136816 seconds
  Import took 0.154813 seconds .

========================================================================
Received Import Request.
  Time since last request: 0.000850 seconds.
  path: Assets/MyProject/MarchingCubes/CubeUtility.cs
  artifactKey: Guid(2c6bd44c98510d34fa4fbb2c4d65e89f) Importer(815301076,1909f56bfc062723c751e8b465ee728b)
Start importing Assets/MyProject/MarchingCubes/CubeUtility.cs using Guid(2c6bd44c98510d34fa4fbb2c4d65e89f) Importer(815301076,1909f56bfc062723c751e8b465ee728b)  -> (artifact id: '912c5090ddeab96d75976f946370c109') in 0.012339 seconds
  Import took 0.030614 seconds .

========================================================================
Received Prepare
Reloading mono domain
Begin MonoManager ReloadAssembly
Registering precompiled unity dll's ...
Register platform support module: C:/Program Files/Unity/Hub/Editor/2020.2.0b5/Editor/Data/PlaybackEngines/WindowsStandaloneSupport/UnityEditor.WindowsStandalone.Extensions.dll
Registered in 0.006267 seconds.
Symbol file LoadedFromMemory doesn't match image C:\Users\abarabone\Desktop\vsgithub\abarabone\ecs_motion\Library\PackageCache\com.unity.ext.nunit@1.0.0\net35\unity-custom\nunit.framework.dll
Native extension for WindowsStandalone target not found
Refreshing native plugins compatible for Editor in 452.64 ms, found 1 plugins.
Preloading 0 native plugins for Editor in 0.00 ms.
Invoked RoslynAnalysisRunner static constructor.
RoslynAnalysisRunner will not be running.
RoslynAnalysisRunner has terminated.
Mono: successfully reloaded assembly
- Completed reload, in  8.523 seconds
Platform modules already initialized, skipping
Registering precompiled user dll's ...
Registered in 0.026065 seconds.
Begin MonoManager ReloadAssembly
Symbol file LoadedFromMemory doesn't match image C:\Users\abarabone\Desktop\vsgithub\abarabone\ecs_motion\Library\PackageCache\com.unity.ext.nunit@1.0.0\net35\unity-custom\nunit.framework.dll
Native extension for WindowsStandalone target not found
Refreshing native plugins compatible for Editor in 1.98 ms, found 1 plugins.
Preloading 0 native plugins for Editor in 0.00 ms.
Invoked RoslynAnalysisRunner static constructor.
RoslynAnalysisRunner will not be running.
RoslynAnalysisRunner has terminated.
Mono: successfully reloaded assembly
- Completed reload, in  6.473 seconds
Platform modules already initialized, skipping
Refreshing native plugins compatible for Editor in 2.03 ms, found 1 plugins.
Preloading 0 native plugins for Editor in 0.00 ms.
Unloading 22 Unused Serialized files (Serialized files now loaded: 0)
System memory in use before: 84.3 MB.
System memory in use after: 84.5 MB.

Unloading 21 unused Assets to reduce memory usage. Loaded Objects now: 3947.
Total: 14.136600 ms (FindLiveObjects: 2.266700 ms CreateObjectMapping: 1.007000 ms MarkObjects: 10.779300 ms  DeleteObjects: 0.077600 ms)

========================================================================
Received Import Request.
  Time since last request: 78.050102 seconds.
  path: Assets/MyProject/MarchingCubes/MeshFromCubes.cs
  artifactKey: Guid(8ec575bac10f5234281e899b8bcc2f68) Importer(815301076,1909f56bfc062723c751e8b465ee728b)
Start importing Assets/MyProject/MarchingCubes/MeshFromCubes.cs using Guid(8ec575bac10f5234281e899b8bcc2f68) Importer(815301076,1909f56bfc062723c751e8b465ee728b)  -> (artifact id: '7065bd17d01e098c894579a321de7d44') in 0.017993 seconds
  Import took 0.036787 seconds .

========================================================================
Received Import Request.
  Time since last request: 0.089094 seconds.
  path: Assets/MyProject/MarchingCubes/MeshFromCubes.cs
  artifactKey: Guid(8ec575bac10f5234281e899b8bcc2f68) Importer(815301076,1909f56bfc062723c751e8b465ee728b)
Start importing Assets/MyProject/MarchingCubes/MeshFromCubes.cs using Guid(8ec575bac10f5234281e899b8bcc2f68) Importer(815301076,1909f56bfc062723c751e8b465ee728b)  -> (artifact id: '7065bd17d01e098c894579a321de7d44') in 0.018129 seconds
  Import took 0.038946 seconds .

========================================================================
Received Import Request.
  Time since last request: 1295.984234 seconds.
  path: Assets/MyProject/MarchingCubes/DotGridUnsafe.cs
  artifactKey: Guid(04ab2fc929dc94347b246db16efc1174) Importer(815301076,1909f56bfc062723c751e8b465ee728b)
Start importing Assets/MyProject/MarchingCubes/DotGridUnsafe.cs using Guid(04ab2fc929dc94347b246db16efc1174) Importer(815301076,1909f56bfc062723c751e8b465ee728b)  -> (artifact id: '5e765efafefc34bf9ba5b3512e2b096e') in 0.017726 seconds
  Import took 0.036644 seconds .

========================================================================
Received Import Request.
  Time since last request: 6.817257 seconds.
  path: Assets/MyProject/MarchingCubes/Resource
  artifactKey: Guid(ae817bfdc30a97a4abdd25d882f30edd) Importer(815301076,1909f56bfc062723c751e8b465ee728b)
Start importing Assets/MyProject/MarchingCubes/Resource using Guid(ae817bfdc30a97a4abdd25d882f30edd) Importer(815301076,1909f56bfc062723c751e8b465ee728b)  -> (artifact id: 'c69cf39da74729b16bdf62c320a5dcdd') in 0.017642 seconds
  Import took 0.035898 seconds .

========================================================================
Received Import Request.
  Time since last request: 0.616800 seconds.
  path: Assets/MyProject/MarchingCubes/System
  artifactKey: Guid(0719586b5c7743246b10146c609e54bb) Importer(815301076,1909f56bfc062723c751e8b465ee728b)
Start importing Assets/MyProject/MarchingCubes/System using Guid(0719586b5c7743246b10146c609e54bb) Importer(815301076,1909f56bfc062723c751e8b465ee728b)  -> (artifact id: 'b96ae94b7f51794e7818f81534c2601b') in 0.017421 seconds
  Import took 0.036301 seconds .

========================================================================
Received Import Request.
  Time since last request: 33.637595 seconds.
  path: Assets/MyProject/MarchingCubes/System/MakeCubeInstances2System.cs
  artifactKey: Guid(af5a5b3e318597745b547f12a09c7754) Importer(815301076,1909f56bfc062723c751e8b465ee728b)
Start importing Assets/MyProject/MarchingCubes/System/MakeCubeInstances2System.cs using Guid(af5a5b3e318597745b547f12a09c7754) Importer(815301076,1909f56bfc062723c751e8b465ee728b)  -> (artifact id: 'a4f2b6faae8a87e9a0ee3dae3c065889') in 0.022131 seconds
  Import took 0.269070 seconds .

========================================================================
Received Prepare
Reloading mono domain
Begin MonoManager ReloadAssembly
Registering precompiled unity dll's ...
Register platform support module: C:/Program Files/Unity/Hub/Editor/2020.2.0b5/Editor/Data/PlaybackEngines/WindowsStandaloneSupport/UnityEditor.WindowsStandalone.Extensions.dll
Registered in 0.027353 seconds.
Symbol file LoadedFromMemory doesn't match image C:\Users\abarabone\Desktop\vsgithub\abarabone\ecs_motion\Library\PackageCache\com.unity.ext.nunit@1.0.0\net35\unity-custom\nunit.framework.dll
Native extension for WindowsStandalone target not found
Refreshing native plugins compatible for Editor in 361.40 ms, found 1 plugins.
Preloading 0 native plugins for Editor in 0.00 ms.
Invoked RoslynAnalysisRunner static constructor.
RoslynAnalysisRunner will not be running.
RoslynAnalysisRunner has terminated.
Mono: successfully reloaded assembly
- Completed reload, in 15.608 seconds
Platform modules already initialized, skipping
Registering precompiled user dll's ...
Registered in 0.029975 seconds.
Begin MonoManager ReloadAssembly
Symbol file LoadedFromMemory doesn't match image C:\Users\abarabone\Desktop\vsgithub\abarabone\ecs_motion\Library\PackageCache\com.unity.ext.nunit@1.0.0\net35\unity-custom\nunit.framework.dll
Native extension for WindowsStandalone target not found
Refreshing native plugins compatible for Editor in 2.26 ms, found 1 plugins.
Preloading 0 native plugins for Editor in 0.00 ms.
Invoked RoslynAnalysisRunner static constructor.
RoslynAnalysisRunner will not be running.
RoslynAnalysisRunner has terminated.
Mono: successfully reloaded assembly
- Completed reload, in 14.381 seconds
Platform modules already initialized, skipping
Refreshing native plugins compatible for Editor in 2.07 ms, found 1 plugins.
Preloading 0 native plugins for Editor in 0.00 ms.
Unloading 23 Unused Serialized files (Serialized files now loaded: 0)
System memory in use before: 84.4 MB.
System memory in use after: 84.6 MB.

Unloading 21 unused Assets to reduce memory usage. Loaded Objects now: 3956.
Total: 23.018000 ms (FindLiveObjects: 4.188500 ms CreateObjectMapping: 1.279500 ms MarkObjects: 17.346700 ms  DeleteObjects: 0.197600 ms)

========================================================================
Received Prepare
Reloading mono domain
Begin MonoManager ReloadAssembly
Registering precompiled unity dll's ...
Register platform support module: C:/Program Files/Unity/Hub/Editor/2020.2.0b5/Editor/Data/PlaybackEngines/WindowsStandaloneSupport/UnityEditor.WindowsStandalone.Extensions.dll
Registered in 0.005513 seconds.
Symbol file LoadedFromMemory doesn't match image C:\Users\abarabone\Desktop\vsgithub\abarabone\ecs_motion\Library\PackageCache\com.unity.ext.nunit@1.0.0\net35\unity-custom\nunit.framework.dll
Native extension for WindowsStandalone target not found
Refreshing native plugins compatible for Editor in 208.02 ms, found 1 plugins.
Preloading 0 native plugins for Editor in 0.00 ms.
Invoked RoslynAnalysisRunner static constructor.
RoslynAnalysisRunner will not be running.
RoslynAnalysisRunner has terminated.
Mono: successfully reloaded assembly
- Completed reload, in 13.930 seconds
Platform modules already initialized, skipping
Registering precompiled user dll's ...
Registered in 0.024739 seconds.
Begin MonoManager ReloadAssembly
Symbol file LoadedFromMemory doesn't match image C:\Users\abarabone\Desktop\vsgithub\abarabone\ecs_motion\Library\PackageCache\com.unity.ext.nunit@1.0.0\net35\unity-custom\nunit.framework.dll
Native extension for WindowsStandalone target not found
Refreshing native plugins compatible for Editor in 2.08 ms, found 1 plugins.
Preloading 0 native plugins for Editor in 0.00 ms.
Invoked RoslynAnalysisRunner static constructor.
RoslynAnalysisRunner will not be running.
RoslynAnalysisRunner has terminated.
Mono: successfully reloaded assembly
- Completed reload, in  7.197 seconds
Platform modules already initialized, skipping
Refreshing native plugins compatible for Editor in 2.00 ms, found 1 plugins.
Preloading 0 native plugins for Editor in 0.00 ms.
Unloading 22 Unused Serialized files (Serialized files now loaded: 0)
System memory in use before: 84.4 MB.
System memory in use after: 84.7 MB.

Unloading 21 unused Assets to reduce memory usage. Loaded Objects now: 3964.
Total: 14.334400 ms (FindLiveObjects: 2.497700 ms CreateObjectMapping: 0.959200 ms MarkObjects: 10.780100 ms  DeleteObjects: 0.090900 ms)

========================================================================
Received Import Request.
  Time since last request: 3082.716706 seconds.
  path: Assets/MyProject/MarchingCubes/System/MakeCubeInstances2System.cs
  artifactKey: Guid(af5a5b3e318597745b547f12a09c7754) Importer(815301076,1909f56bfc062723c751e8b465ee728b)
Start importing Assets/MyProject/MarchingCubes/System/MakeCubeInstances2System.cs using Guid(af5a5b3e318597745b547f12a09c7754) Importer(815301076,1909f56bfc062723c751e8b465ee728b)  -> (artifact id: 'afcc5e12b6ca0fc7f31beacd7cedb413') in 0.016857 seconds
  Import took 0.034482 seconds .

========================================================================
Received Prepare
Reloading mono domain
Begin MonoManager ReloadAssembly
Registering precompiled unity dll's ...
Register platform support module: C:/Program Files/Unity/Hub/Editor/2020.2.0b5/Editor/Data/PlaybackEngines/WindowsStandaloneSupport/UnityEditor.WindowsStandalone.Extensions.dll
Registered in 0.006238 seconds.
Symbol file LoadedFromMemory doesn't match image C:\Users\abarabone\Desktop\vsgithub\abarabone\ecs_motion\Library\PackageCache\com.unity.ext.nunit@1.0.0\net35\unity-custom\nunit.framework.dll
Native extension for WindowsStandalone target not found
Refreshing native plugins compatible for Editor in 230.89 ms, found 1 plugins.
Preloading 0 native plugins for Editor in 0.00 ms.
Invoked RoslynAnalysisRunner static constructor.
RoslynAnalysisRunner will not be running.
RoslynAnalysisRunner has terminated.
Mono: successfully reloaded assembly
- Completed reload, in 13.620 seconds
Platform modules already initialized, skipping
Registering precompiled user dll's ...
Registered in 0.023951 seconds.
Begin MonoManager ReloadAssembly
Symbol file LoadedFromMemory doesn't match image C:\Users\abarabone\Desktop\vsgithub\abarabone\ecs_motion\Library\PackageCache\com.unity.ext.nunit@1.0.0\net35\unity-custom\nunit.framework.dll
Native extension for WindowsStandalone target not found
Refreshing native plugins compatible for Editor in 1.99 ms, found 1 plugins.
Preloading 0 native plugins for Editor in 0.00 ms.
Invoked RoslynAnalysisRunner static constructor.
RoslynAnalysisRunner will not be running.
RoslynAnalysisRunner has terminated.
Mono: successfully reloaded assembly
- Completed reload, in  7.343 seconds
Platform modules already initialized, skipping
Refreshing native plugins compatible for Editor in 2.03 ms, found 1 plugins.
Preloading 0 native plugins for Editor in 0.00 ms.
Unloading 22 Unused Serialized files (Serialized files now loaded: 0)
System memory in use before: 84.3 MB.
System memory in use after: 84.6 MB.

Unloading 21 unused Assets to reduce memory usage. Loaded Objects now: 3972.
Total: 14.655000 ms (FindLiveObjects: 2.426500 ms CreateObjectMapping: 0.961700 ms MarkObjects: 11.161400 ms  DeleteObjects: 0.100200 ms)

========================================================================
Received Import Request.
  Time since last request: 772.130280 seconds.
  path: Assets/MyProject/MarchingCubes/DotGridUtility.cs
  artifactKey: Guid(1dcaf1243bbc3c54aa07f2cacab536c2) Importer(815301076,1909f56bfc062723c751e8b465ee728b)
Start importing Assets/MyProject/MarchingCubes/DotGridUtility.cs using Guid(1dcaf1243bbc3c54aa07f2cacab536c2) Importer(815301076,1909f56bfc062723c751e8b465ee728b)  -> (artifact id: '4c5a4ccf5846e2a2115770d1f1f16ab3') in 0.030439 seconds
  Import took 0.054452 seconds .

========================================================================
Received Import Request.
  Time since last request: 0.083665 seconds.
  path: Assets/MyProject/MarchingCubes/DotGridUtility.cs
  artifactKey: Guid(1dcaf1243bbc3c54aa07f2cacab536c2) Importer(815301076,1909f56bfc062723c751e8b465ee728b)
Start importing Assets/MyProject/MarchingCubes/DotGridUtility.cs using Guid(1dcaf1243bbc3c54aa07f2cacab536c2) Importer(815301076,1909f56bfc062723c751e8b465ee728b)  -> (artifact id: '4c5a4ccf5846e2a2115770d1f1f16ab3') in 0.014001 seconds
  Import took 0.032153 seconds .

========================================================================
Received Import Request.
  Time since last request: 63.942296 seconds.
  path: Assets/MyProject/MarchingCubes/MarchingCubeProcesserUtility.cs
  artifactKey: Guid(be7f710ffb92de44cac87d220a0d04ca) Importer(815301076,1909f56bfc062723c751e8b465ee728b)
Start importing Assets/MyProject/MarchingCubes/MarchingCubeProcesserUtility.cs using Guid(be7f710ffb92de44cac87d220a0d04ca) Importer(815301076,1909f56bfc062723c751e8b465ee728b)  -> (artifact id: 'ec1022d28802ed05a5fc78a4fffd2d4e') in 0.574527 seconds
  Import took 1.148854 seconds .

========================================================================
Received Prepare
Reloading mono domain
Begin MonoManager ReloadAssembly
Registering precompiled unity dll's ...
Register platform support module: C:/Program Files/Unity/Hub/Editor/2020.2.0b5/Editor/Data/PlaybackEngines/WindowsStandaloneSupport/UnityEditor.WindowsStandalone.Extensions.dll
Registered in 0.009135 seconds.
Symbol file LoadedFromMemory doesn't match image C:\Users\abarabone\Desktop\vsgithub\abarabone\ecs_motion\Library\PackageCache\com.unity.ext.nunit@1.0.0\net35\unity-custom\nunit.framework.dll
Native extension for WindowsStandalone target not found
Refreshing native plugins compatible for Editor in 358.03 ms, found 1 plugins.
Preloading 0 native plugins for Editor in 0.00 ms.
Invoked RoslynAnalysisRunner static constructor.
RoslynAnalysisRunner will not be running.
RoslynAnalysisRunner has terminated.
Mono: successfully reloaded assembly
- Completed reload, in 18.205 seconds
Platform modules already initialized, skipping
Registering precompiled user dll's ...
Registered in 0.049370 seconds.
Begin MonoManager ReloadAssembly
Symbol file LoadedFromMemory doesn't match image C:\Users\abarabone\Desktop\vsgithub\abarabone\ecs_motion\Library\PackageCache\com.unity.ext.nunit@1.0.0\net35\unity-custom\nunit.framework.dll
Native extension for WindowsStandalone target not found
Refreshing native plugins compatible for Editor in 2.36 ms, found 1 plugins.
Preloading 0 native plugins for Editor in 0.00 ms.
Invoked RoslynAnalysisRunner static constructor.
RoslynAnalysisRunner will not be running.
RoslynAnalysisRunner has terminated.
Mono: successfully reloaded assembly
- Completed reload, in 15.189 seconds
Platform modules already initialized, skipping
Refreshing native plugins compatible for Editor in 2.14 ms, found 1 plugins.
Preloading 0 native plugins for Editor in 0.00 ms.
Unloading 23 Unused Serialized files (Serialized files now loaded: 0)
System memory in use before: 84.4 MB.
System memory in use after: 84.7 MB.

Unloading 21 unused Assets to reduce memory usage. Loaded Objects now: 3981.
Total: 17.406400 ms (FindLiveObjects: 3.008600 ms CreateObjectMapping: 1.058000 ms MarkObjects: 13.257600 ms  DeleteObjects: 0.075900 ms)

========================================================================
Received Import Request.
  Time since last request: 84.160679 seconds.
  path: Assets/MyProject/MarchingCubes/MarchingCubeAsset.cs
  artifactKey: Guid(005f062549a927b42a7f6579c196f4f4) Importer(815301076,1909f56bfc062723c751e8b465ee728b)
Start importing Assets/MyProject/MarchingCubes/MarchingCubeAsset.cs using Guid(005f062549a927b42a7f6579c196f4f4) Importer(815301076,1909f56bfc062723c751e8b465ee728b)  -> (artifact id: 'c0b685c3556480759e758c7c63aef179') in 0.037245 seconds
  Import took 0.061687 seconds .

========================================================================
Received Prepare
Reloading mono domain
Begin MonoManager ReloadAssembly
Registering precompiled unity dll's ...
Register platform support module: C:/Program Files/Unity/Hub/Editor/2020.2.0b5/Editor/Data/PlaybackEngines/WindowsStandaloneSupport/UnityEditor.WindowsStandalone.Extensions.dll
Registered in 0.009756 seconds.
Symbol file LoadedFromMemory doesn't match image C:\Users\abarabone\Desktop\vsgithub\abarabone\ecs_motion\Library\PackageCache\com.unity.ext.nunit@1.0.0\net35\unity-custom\nunit.framework.dll
Native extension for WindowsStandalone target not found
Refreshing native plugins compatible for Editor in 392.67 ms, found 1 plugins.
Preloading 0 native plugins for Editor in 0.00 ms.
Invoked RoslynAnalysisRunner static constructor.
RoslynAnalysisRunner will not be running.
RoslynAnalysisRunner has terminated.
Mono: successfully reloaded assembly
- Completed reload, in 44.993 seconds
Platform modules already initialized, skipping
Registering precompiled user dll's ...
Registered in 0.096166 seconds.
Begin MonoManager ReloadAssembly
Symbol file LoadedFromMemory doesn't match image C:\Users\abarabone\Desktop\vsgithub\abarabone\ecs_motion\Library\PackageCache\com.unity.ext.nunit@1.0.0\net35\unity-custom\nunit.framework.dll
Native extension for WindowsStandalone target not found
Refreshing native plugins compatible for Editor in 2.75 ms, found 1 plugins.
Preloading 0 native plugins for Editor in 0.00 ms.
Invoked RoslynAnalysisRunner static constructor.
RoslynAnalysisRunner will not be running.
RoslynAnalysisRunner has terminated.
Mono: successfully reloaded assembly
- Completed reload, in 71.837 seconds
Platform modules already initialized, skipping
Refreshing native plugins compatible for Editor in 6.14 ms, found 1 plugins.
Preloading 0 native plugins for Editor in 0.00 ms.
Unloading 22 Unused Serialized files (Serialized files now loaded: 0)
System memory in use before: 84.4 MB.
System memory in use after: 84.7 MB.

Unloading 21 unused Assets to reduce memory usage. Loaded Objects now: 3989.
Total: 46.867300 ms (FindLiveObjects: 8.198100 ms CreateObjectMapping: 1.401900 ms MarkObjects: 34.746600 ms  DeleteObjects: 2.513700 ms)

