
=== Sun Aug 11 21:37:49 2019

Packages were changed.
Update Mode: mergeDefaultDependencies

The following packages were added:
  com.unity.ext.nunit@1.0.0
  com.unity.test-framework@1.0.17
  com.unity.ide.vscode@1.0.7
  com.unity.ide.rider@1.0.8
  com.unity.ugui@1.0.0
  com.unity.modules.androidjni@1.0.0
The following packages were updated:
  com.unity.collab-proxy from version 1.2.9 to 1.2.16
  com.unity.textmeshpro from version 2.0.0 to 2.0.1
  com.unity.timeline from version 0.0.0-builtin to 1.1.0

=== Tue Aug 13 11:11:42 2019

Packages were changed.
Update Mode: resetToDefaultDependencies

The following packages were 追加済:
  com.unity.package-manager-ui@2.2.0
The following packages were 更新済:
  com.unity.test-framework をバージョン 1.0.17 から 1.0.13 へ
The following packages were 削除済:
  com.unity.entities@0.1.1-preview

=== Fri Sep 27 23:48:21 2019

Packages were changed.
Update Mode: updateDependencies

The following packages were 更新済:
  com.unity.ide.rider をバージョン 1.0.8 から 1.1.0 へ
  com.unity.ide.vscode をバージョン 1.0.7 から 1.1.0 へ

=== Tue Dec 10 00:32:22 2019

Packages were changed.
Update Mode: updateDependencies

The following packages were 更新済:
  com.unity.ide.vscode をバージョン 1.1.0 から 1.1.3 へ
  com.unity.test-framework をバージョン 1.0.13 から 1.1.3 へ
  com.unity.timeline をバージョン 1.1.0 から 1.2.6 へ
The following packages were 削除済:
  com.unity.package-manager-ui@2.2.0

=== Fri Jun  5 00:16:19 2020

Packages were changed.
Update Mode: updateDependencies

The following packages were 更新済:
  com.unity.ide.rider をバージョン 1.1.0 から 1.1.4 へ
  com.unity.ide.vscode をバージョン 1.1.3 から 1.2.0 へ
  com.unity.test-framework をバージョン 1.1.3 から 1.1.14 へ

=== Fri Jun 26 01:21:05 2020

Packages were changed.
Update Mode: updateDependencies

The following packages were 追加済:
  com.unity.ide.visualstudio@2.0.1
The following packages were 更新済:
  com.unity.collab-proxy をバージョン 1.2.16 から 1.3.7 へ
  com.unity.ide.rider をバージョン 1.1.4 から 1.2.1 へ
  com.unity.ide.vscode をバージョン 1.2.0 から 1.2.1 へ
  com.unity.inputsystem をバージョン 1.0.0-preview.1 から 1.0.0 へ
  com.unity.textmeshpro をバージョン 2.0.1 から 3.0.0-preview.1 へ

=== Fri Oct  2 00:48:53 2020

Packages were changed.
Update Mode: updateDependencies

The following packages were 更新済:
  com.unity.collab-proxy をバージョン 1.3.8 から 1.3.9 へ
  com.unity.ide.rider をバージョン 1.2.1 から 2.0.7 へ
  com.unity.test-framework をバージョン 1.1.14 から 1.1.16 へ
  com.unity.textmeshpro をバージョン 3.0.0-preview.1 から 3.0.1 へ

=== Fri Jan  1 01:44:20 2021

Packages were changed.
Update Mode: updateDependencies

The following packages were 更新済:
  com.unity.ext.nunit をバージョン 1.0.0 から 1.0.5 へ
  com.unity.ide.vscode をバージョン 1.2.1 から 1.2.3 へ
  com.unity.inputsystem をバージョン 1.0.0 から 1.0.1 へ
  com.unity.test-framework をバージョン 1.1.16 から 1.1.19 へ

=== Fri Jul 30 18:21:22 2021

Packages were changed.
Update Mode: updateDependencies

The following packages were 更新済:
  com.unity.collab-proxy をバージョン 1.3.9 から 1.5.7 へ
  com.unity.ext.nunit をバージョン 1.0.5 から 1.0.6 へ
  com.unity.ide.rider をバージョン 2.0.7 から 3.0.7 へ
  com.unity.test-framework をバージョン 1.1.19 から 1.1.27 へ
  com.unity.textmeshpro をバージョン 3.0.1 から 3.0.6 へ
  com.unity.timeline をバージョン 1.2.6 から 1.5.5 へ

=== Sun Aug 28 15:54:12 2022

Packages were changed.
Update Mode: updateDependencies

The following packages were 更新済:
  com.unity.burst をバージョン 1.6.5 から 1.6.6 へ
  com.unity.collab-proxy をバージョン 1.5.7 から 1.17.1 へ
  com.unity.collections をバージョン 1.2.3 から 1.2.4 へ
  com.unity.ide.rider をバージョン 3.0.7 から 3.0.15 へ
  com.unity.ide.visualstudio をバージョン 2.0.15 から 2.0.16 へ
  com.unity.inputsystem をバージョン 1.3.0 から 1.4.1 へ
  com.unity.test-framework をバージョン 1.1.27 から 1.1.31 へ
  com.unity.timeline をバージョン 1.5.5 から 1.6.4 へ
